<?xml version="1.0" encoding="UTF-8"?>
<testng-results ignored="0" total="1" passed="1" failed="0" skipped="0">
  <reporter-output>
  </reporter-output>
  <suite started-at="2020-06-14T23:27:29 EDT" name="Default suite" finished-at="2020-06-14T23:27:40 EDT" duration-ms="10761">
    <groups>
    </groups>
    <test started-at="2020-06-14T23:27:29 EDT" name="Default test" finished-at="2020-06-14T23:27:40 EDT" duration-ms="10761">
      <class name="bla2020.TestPro2020">
        <test-method signature="openBrowser()[pri:0, instance:bla2020.TestPro2020@1460a8c0]" started-at="2020-06-14T23:27:29 EDT" name="openBrowser" finished-at="2020-06-14T23:27:40 EDT" duration-ms="10723" status="PASS">
          <reporter-output>
          </reporter-output>
        </test-method> <!-- openBrowser -->
      </class> <!-- bla2020.TestPro2020 -->
    </test> <!-- Default test -->
  </suite> <!-- Default suite -->
</testng-results>
